2023-08-28 16:20:02,829 Initializing LEDs
2023-08-28 16:20:02,890 Initializing Battery
2023-08-28 16:20:02,911 OK: Battery Initialized Correctly
2023-08-28 16:20:02,918 Starting new HTTP connection (1): www.google.com:80
2023-08-28 16:20:03,099 http://www.google.com:80 "HEAD / HTTP/1.1" 200 0
2023-08-28 16:20:03,102 Internet Successfully Resolved
2023-08-28 16:20:03,102 Setting Up GDrive
2023-08-28 16:20:03,103 Initial Authorizing
2023-08-28 16:20:03,110 Authorizing
2023-08-28 16:20:03,117 file_cache is only supported with oauth2client<4.0.0
2023-08-28 16:20:03,133 Accessing Google Drive
2023-08-28 16:20:03,160 URL being requested: GET https://www.googleapis.com/drive/v2/files?q=%27101FNH6ERnutThe6ztVLF8U11UnT5fybD%27+in+parents+and+trashed+%3D+false&maxResults=1000&alt=json
2023-08-28 16:20:03,591 Will Download the Files set()
2023-08-28 16:20:03,592 Removing Old Files set()
2023-08-28 16:20:03,592 Download Complete
2023-08-28 16:20:03,592 Backing Up Files set()
2023-08-28 16:20:03,593 Removing False Backups set()
2023-08-28 16:20:03,593 Listener Initialized
2023-08-28 16:20:03,907 No preferred input found; using default input device.
2023-08-28 16:20:03,907 Initializing Mixer
2023-08-28 16:20:03,924 ['Master', 'Capture']
2023-08-28 16:20:03,926 ['sndrpihifiberry', 'PureAudio']
2023-08-28 16:20:03,959 ['null', 'lavrate', 'samplerate', 'speexrate', 'jack', 'oss', 'pulse', 'upmix', 'vdownmix', 'default', 'dmixer', 'hw:CARD=sndrpihifiberry,DEV=0', 'plughw:CARD=sndrpihifiberry,DEV=0', 'sysdefault:CARD=sndrpihifiberry', 'dmix:CARD=sndrpihifiberry,DEV=0', 'usbstream:CARD=sndrpihifiberry', 'hw:CARD=PureAudio,DEV=0', 'plughw:CARD=PureAudio,DEV=0', 'sysdefault:CARD=PureAudio', 'front:CARD=PureAudio,DEV=0', 'surround21:CARD=PureAudio,DEV=0', 'surround40:CARD=PureAudio,DEV=0', 'surround41:CARD=PureAudio,DEV=0', 'surround50:CARD=PureAudio,DEV=0', 'surround51:CARD=PureAudio,DEV=0', 'surround71:CARD=PureAudio,DEV=0', 'iec958:CARD=PureAudio,DEV=0', 'dmix:CARD=PureAudio,DEV=0', 'usbstream:CARD=PureAudio']
2023-08-28 16:20:03,973 Trying Master
2023-08-28 16:20:03,974 MixernameMasterselected
2023-08-28 16:20:03,986 Trying Capture
2023-08-28 16:20:03,986 Initialized File Player
2023-08-28 16:20:04,988 Successfully Started Running
2023-08-28 16:20:04,990 Charge Change Detected, Status = listening
2023-08-28 16:20:04,991 Transitioning into Listening Mode
2023-08-28 16:20:42,671 *--polling for sustained signal 1 / 3--*
2023-08-28 16:21:00,642 Running job Job(interval=1, unit=hours, do=pull_vitals, args=(<lib.audio_fw.RMSListener object at 0xf59778b0>, <lib.audio_fw.FilePlayback object at 0xf69e8570>, <lib.power_fw.Battery object at 0xf620fa70>), kwargs={})
2023-08-28 16:21:06,771 *--polling for sustained signal 1 / 3--*
2023-08-28 16:21:07,346 *--polling for sustained signal 2 / 3--*
2023-08-28 16:21:17,596 *--polling for sustained signal 1 / 3--*
2023-08-28 16:21:18,243 *--polling for sustained signal 1 / 3--*
2023-08-28 16:21:22,954 *--polling for sustained signal 1 / 3--*
2023-08-28 16:22:00,304 Running job Job(interval=1, unit=hours, do=reset, args=(), kwargs={})
2023-08-28 16:22:32,956 *--polling for sustained signal 1 / 3--*
2023-08-28 16:22:33,531 *--polling for sustained signal 2 / 3--*
2023-08-28 16:22:35,624 *--polling for sustained signal 1 / 3--*
2023-08-28 16:22:36,191 *--polling for sustained signal 2 / 3--*
2023-08-28 16:23:00,719 Running job Job(interval=1, unit=hours, do=upload_logs, args=(<lib.filemgmt_fw.GDriveSetup object at 0xf5eacc10>,), kwargs={})
2023-08-28 16:23:00,720 Uploading Logs
2023-08-28 16:23:00,763 URL being requested: POST https://www.googleapis.com/upload/drive/v2/files?alt=json&uploadType=resumable
2023-08-28 16:23:02,478 LogFile Upload Complete
2023-08-28 16:23:07,097 *--polling for sustained signal 1 / 3--*
2023-08-28 16:23:07,671 *--polling for sustained signal 2 / 3--*
2023-08-28 16:23:08,247 *--polling for sustained signal 1 / 3--*
2023-08-28 16:23:11,417 *--polling for sustained signal 1 / 3--*
2023-08-28 16:23:11,982 *--polling for sustained signal 2 / 3--*
2023-08-28 16:23:17,660 *--polling for sustained signal 1 / 3--*
2023-08-28 16:23:18,241 *--polling for sustained signal 2 / 3--*
2023-08-28 16:23:18,249 *--polling for sustained signal 3 / 3--*
2023-08-28 16:23:18,249 *--recording initiated--*
2023-08-28 16:23:18,249 *--block 1/10--*
2023-08-28 16:23:18,836 *--block 2/10--*
2023-08-28 16:23:19,350 *--block 3/10--*
2023-08-28 16:23:19,870 *--block 4/10--*
2023-08-28 16:23:20,384 *--block 5/10--*
2023-08-28 16:23:20,894 *--block 6/10--*
2023-08-28 16:23:21,412 *--block 7/10--*
2023-08-28 16:23:21,925 *--block 8/10--*
2023-08-28 16:23:22,437 *--block 9/10--*
2023-08-28 16:23:22,949 *--block 10/10--*
2023-08-28 16:23:23,458 *--block 11/10--*
2023-08-28 16:23:23,464 Writing Audio File
2023-08-28 16:23:23,509 URL being requested: POST https://www.googleapis.com/upload/drive/v2/files?alt=json&uploadType=resumable
2023-08-28 16:23:26,617 Recording Upload Complete
2023-08-28 16:23:26,617 Removing Local Copy of /home/hydra/Desktop/polyppi/recordings/rec_1693254203.4697291.wav
